\BOOKMARK [0][-]{chapter.1}{Distribution}{}% 1
\BOOKMARK [1][-]{section.1.1}{Probability Mass Function \(PMF\)}{chapter.1}% 2
\BOOKMARK [1][-]{section.1.2}{Probability Density Function \(PDF\)}{chapter.1}% 3
\BOOKMARK [1][-]{section.1.3}{Cumulative Distribution Function \(CDF\)}{chapter.1}% 4
\BOOKMARK [1][-]{section.1.4}{Bernoulli Trials}{chapter.1}% 5
\BOOKMARK [1][-]{section.1.5}{Discrete variable: Binomial Distribution, Bin\(n, p\)}{chapter.1}% 6
\BOOKMARK [1][-]{section.1.6}{Discrete variable: Bernoulli distribution, Ber\(p\)}{chapter.1}% 7
\BOOKMARK [1][-]{section.1.7}{Discrete variable: Geometric Distribution, Geo\(p\)}{chapter.1}% 8
\BOOKMARK [1][-]{section.1.8}{Discrete variable: Poisson Distribution, Pois\(\)}{chapter.1}% 9
\BOOKMARK [1][-]{section.1.9}{Continuous variable: Normal Distribution, N\(, 2\)}{chapter.1}% 10
\BOOKMARK [1][-]{section.1.10}{Continuous variable: Exponential Distribution, Exp\(\)}{chapter.1}% 11
\BOOKMARK [0][-]{chapter.2}{Metrics}{}% 12
\BOOKMARK [1][-]{section.2.1}{Variance, 2 or Var\(X\)}{chapter.2}% 13
\BOOKMARK [1][-]{section.2.2}{Standard Deviation, }{chapter.2}% 14
\BOOKMARK [1][-]{section.2.3}{Standard Error}{chapter.2}% 15
\BOOKMARK [1][-]{section.2.4}{Confidence Interval}{chapter.2}% 16
\BOOKMARK [1][-]{section.2.5}{Confusion Matrix}{chapter.2}% 17
\BOOKMARK [2][-]{subsection.2.5.1}{Recall}{section.2.5}% 18
\BOOKMARK [2][-]{subsection.2.5.2}{Precision}{section.2.5}% 19
\BOOKMARK [2][-]{subsection.2.5.3}{F1}{section.2.5}% 20
\BOOKMARK [1][-]{section.2.6}{ROC}{chapter.2}% 21
\BOOKMARK [1][-]{section.2.7}{P value}{chapter.2}% 22
\BOOKMARK [1][-]{section.2.8}{T value}{chapter.2}% 23
\BOOKMARK [1][-]{section.2.9}{Z value}{chapter.2}% 24
\BOOKMARK [1][-]{section.2.10}{Correlation/Pearson}{chapter.2}% 25
\BOOKMARK [1][-]{section.2.11}{Covariance}{chapter.2}% 26
\BOOKMARK [0][-]{chapter.3}{Testing}{}% 27
\BOOKMARK [1][-]{section.3.1}{T test}{chapter.3}% 28
\BOOKMARK [1][-]{section.3.2}{Chi-square test}{chapter.3}% 29
\BOOKMARK [1][-]{section.3.3}{Z test}{chapter.3}% 30
\BOOKMARK [1][-]{section.3.4}{A/B testing}{chapter.3}% 31
\BOOKMARK [2][-]{subsection.3.4.1}{Null hypothesis}{section.3.4}% 32
\BOOKMARK [2][-]{subsection.3.4.2}{Alternative hypothesis}{section.3.4}% 33
\BOOKMARK [2][-]{subsection.3.4.3}{Type I/II error}{section.3.4}% 34
\BOOKMARK [2][-]{subsection.3.4.4}{Statistical Power}{section.3.4}% 35
\BOOKMARK [1][-]{section.3.5}{Test of Significance}{chapter.3}% 36
\BOOKMARK [1][-]{section.3.6}{Hypothesis testing \(one-way and two-way\)}{chapter.3}% 37
\BOOKMARK [1][-]{section.3.7}{ANOVA}{chapter.3}% 38
\BOOKMARK [1][-]{section.3.8}{ANCOVA}{chapter.3}% 39
\BOOKMARK [1][-]{section.3.9}{One-sample/Two-sample bootstrap hypothesis test}{chapter.3}% 40
\BOOKMARK [1][-]{section.3.10}{Time series: p, d, q parameters, unit root and box test}{chapter.3}% 41
\BOOKMARK [0][-]{chapter.4}{Thoerem}{}% 42
\BOOKMARK [1][-]{section.4.1}{Central Limit Theorem}{chapter.4}% 43
\BOOKMARK [1][-]{section.4.2}{Law of the large number}{chapter.4}% 44
\BOOKMARK [1][-]{section.4.3}{Naive Bayes Algorithm}{chapter.4}% 45
\BOOKMARK [1][-]{section.4.4}{Bayesian Statistics/Bayes Theorem}{chapter.4}% 46
\BOOKMARK [1][-]{section.4.5}{Sampling Theory}{chapter.4}% 47
\BOOKMARK [0][-]{chapter.5}{General}{}% 48
\BOOKMARK [1][-]{section.5.1}{Confidence Interval}{chapter.5}% 49
\BOOKMARK [1][-]{section.5.2}{Conditional Probability}{chapter.5}% 50
\BOOKMARK [1][-]{section.5.3}{Normalisation}{chapter.5}% 51
\BOOKMARK [1][-]{section.5.4}{Standardisatio}{chapter.5}% 52
\BOOKMARK [1][-]{section.5.5}{Least-squared error}{chapter.5}% 53
\BOOKMARK [1][-]{section.5.6}{R-squared error}{chapter.5}% 54
\BOOKMARK [1][-]{section.5.7}{Mean-squared error}{chapter.5}% 55
\BOOKMARK [1][-]{section.5.8}{Inferential Statistics}{chapter.5}% 56
\BOOKMARK [1][-]{section.5.9}{Bias-variance trade off}{chapter.5}% 57
